c:\users\ning1\desktop\plugins\x-robot_websocket\deathmessages\deathmessages.dir\release\vc143.pdb
c:\users\ning1\desktop\plugins\x-robot_websocket\deathmessages\deathmessages.dir\release\dllmain.obj
c:\users\ning1\desktop\plugins\x-robot_websocket\deathmessages\deathmessages.dir\release\translation.obj
c:\users\ning1\desktop\plugins\x-robot_websocket\deathmessages\deathmessages.dir\release\main.obj
c:\users\ning1\desktop\plugins\x-robot_websocket\deathmessages\deathmessages.dir\release\hook.obj
c:\users\ning1\desktop\plugins\x-robot_websocket\deathmessages\deathmessages.dir\release\message.obj
c:\users\ning1\desktop\plugins\x-robot_websocket\deathmessages\cmakefiles\generate.stamp
c:\users\ning1\desktop\plugins\x-robot_websocket\deathmessages\release\deathmessages.dll
c:\users\ning1\desktop\plugins\x-robot_websocket\deathmessages\release\deathmessages.pdb
c:\users\ning1\desktop\plugins\x-robot_websocket\deathmessages\release\deathmessages.lib
c:\users\ning1\desktop\plugins\x-robot_websocket\deathmessages\release\deathmessages.exp
c:\users\ning1\desktop\plugins\x-robot_websocket\deathmessages\release\deathmessages.ipdb
c:\users\ning1\desktop\plugins\x-robot_websocket\deathmessages\release\deathmessages.iobj
c:\users\ning1\desktop\plugins\x-robot_websocket\deathmessages\deathmessages.dir\release\deathmessages.tlog\cl.command.1.tlog
c:\users\ning1\desktop\plugins\x-robot_websocket\deathmessages\deathmessages.dir\release\deathmessages.tlog\cl.items.tlog
c:\users\ning1\desktop\plugins\x-robot_websocket\deathmessages\deathmessages.dir\release\deathmessages.tlog\cl.read.1.tlog
c:\users\ning1\desktop\plugins\x-robot_websocket\deathmessages\deathmessages.dir\release\deathmessages.tlog\cl.write.1.tlog
c:\users\ning1\desktop\plugins\x-robot_websocket\deathmessages\deathmessages.dir\release\deathmessages.tlog\custombuild.command.1.tlog
c:\users\ning1\desktop\plugins\x-robot_websocket\deathmessages\deathmessages.dir\release\deathmessages.tlog\custombuild.read.1.tlog
c:\users\ning1\desktop\plugins\x-robot_websocket\deathmessages\deathmessages.dir\release\deathmessages.tlog\custombuild.write.1.tlog
c:\users\ning1\desktop\plugins\x-robot_websocket\deathmessages\deathmessages.dir\release\deathmessages.tlog\link.command.1.tlog
c:\users\ning1\desktop\plugins\x-robot_websocket\deathmessages\deathmessages.dir\release\deathmessages.tlog\link.read.1.tlog
c:\users\ning1\desktop\plugins\x-robot_websocket\deathmessages\deathmessages.dir\release\deathmessages.tlog\link.write.1.tlog
c:\users\ning1\desktop\plugins\x-robot_websocket\deathmessages\deathmessages.dir\release\deathmessages.tlog\link.write.2u.tlog
